{"C:\\Users\\57311\\Documents\\curso_test\\chai-jest-test\\JEST-TESTING\\jest-cucumber\\test\\cuenta.js": {"path":"C:\\Users\\57311\\Documents\\curso_test\\chai-jest-test\\JEST-TESTING\\jest-cucumber\\test\\cuenta.js","all":false,"statementMap":{"0":{"start":{"line":1,"column":0},"end":{"line":1,"column":16}},"1":{"start":{"line":2,"column":0},"end":{"line":2,"column":13}},"2":{"start":{"line":3,"column":0},"end":{"line":3,"column":34}},"3":{"start":{"line":4,"column":0},"end":{"line":4,"column":37}},"4":{"start":{"line":5,"column":0},"end":{"line":5,"column":47}},"5":{"start":{"line":6,"column":0},"end":{"line":6,"column":24}},"6":{"start":{"line":7,"column":0},"end":{"line":7,"column":16}},"7":{"start":{"line":8,"column":0},"end":{"line":8,"column":34}},"8":{"start":{"line":9,"column":0},"end":{"line":9,"column":25}},"9":{"start":{"line":10,"column":0},"end":{"line":10,"column":9}},"10":{"start":{"line":11,"column":0},"end":{"line":11,"column":6}},"11":{"start":{"line":12,"column":0},"end":{"line":12,"column":36}},"12":{"start":{"line":13,"column":0},"end":{"line":13,"column":43}},"13":{"start":{"line":14,"column":0},"end":{"line":14,"column":26}},"14":{"start":{"line":15,"column":0},"end":{"line":15,"column":5}},"15":{"start":{"line":16,"column":0},"end":{"line":16,"column":1}},"16":{"start":{"line":17,"column":0},"end":{"line":17,"column":0}},"17":{"start":{"line":18,"column":0},"end":{"line":18,"column":24}}},"s":{"0":1,"1":1,"2":1,"3":1,"4":1,"5":1,"6":1,"7":0,"8":0,"9":0,"10":1,"11":1,"12":1,"13":1,"14":1,"15":1,"16":1,"17":1},"branchMap":{"0":{"type":"branch","line":3,"loc":{"start":{"line":3,"column":13},"end":{"line":11,"column":6}},"locations":[{"start":{"line":3,"column":13},"end":{"line":11,"column":6}}]},"1":{"type":"branch","line":7,"loc":{"start":{"line":7,"column":9},"end":{"line":10,"column":9}},"locations":[{"start":{"line":7,"column":9},"end":{"line":10,"column":9}}]},"2":{"type":"branch","line":12,"loc":{"start":{"line":12,"column":15},"end":{"line":15,"column":5}},"locations":[{"start":{"line":12,"column":15},"end":{"line":15,"column":5}}]}},"b":{"0":[1],"1":[0],"2":[1]},"fnMap":{"0":{"name":"retirar","decl":{"start":{"line":3,"column":13},"end":{"line":11,"column":6}},"loc":{"start":{"line":3,"column":13},"end":{"line":11,"column":6}},"line":3},"1":{"name":"depositar","decl":{"start":{"line":12,"column":15},"end":{"line":15,"column":5}},"loc":{"start":{"line":12,"column":15},"end":{"line":15,"column":5}},"line":12}},"f":{"0":1,"1":1}}
}
